e:\programming\c++\projects\experimental\synapse-networking\project_files\vs2022\synapse-networking-tcp\synapse-networking-tcp\x64\debug\vc143.pdb
e:\programming\c++\projects\experimental\synapse-networking\project_files\vs2022\synapse-networking-tcp\synapse-networking-tcp\x64\debug\vc143.idb
e:\programming\c++\projects\experimental\synapse-networking\project_files\vs2022\synapse-networking-tcp\synapse-networking-tcp\x64\debug\tcp_io.obj
e:\programming\c++\projects\experimental\synapse-networking\project_files\vs2022\synapse-networking-tcp\synapse-networking-tcp\x64\debug\tcp_init.obj
e:\programming\c++\projects\experimental\synapse-networking\project_files\vs2022\synapse-networking-tcp\synapse-networking-tcp\x64\debug\tcp_conn.obj
e:\programming\c++\projects\experimental\synapse-networking\project_files\vs2022\synapse-networking-tcp\synapse-networking-tcp\x64\debug\tcp_io_request.obj
e:\programming\c++\projects\experimental\synapse-networking\project_files\vs2022\synapse-networking-tcp\synapse-networking-tcp\x64\debug\networking_tcp_io_exec.obj
e:\programming\c++\projects\experimental\synapse-networking\project_files\vs2022\synapse-networking-tcp\synapse-networking-tcp\x64\debug\networking_tcp_io.obj
e:\programming\c++\projects\experimental\synapse-networking\project_files\vs2022\synapse-networking-tcp\synapse-networking-tcp\x64\debug\networking_tcp_init.obj
e:\programming\c++\projects\experimental\synapse-networking\project_files\vs2022\synapse-networking-tcp\synapse-networking-tcp\x64\debug\networking_tcp_conn.obj
e:\programming\c++\projects\experimental\synapse-networking\project_files\vs2022\synapse-networking-tcp\synapse-networking-tcp\x64\debug\networking_tcp_io_request.obj
e:\programming\c++\projects\experimental\synapse-networking\bin\x64\debug\synapse-networking-tcp.dll
e:\programming\c++\projects\experimental\synapse-networking\project_files\vs2022\synapse-networking-tcp\synapse-networking-tcp\x64\debug\synapse-networking-tcp.ilk
e:\programming\c++\projects\experimental\synapse-networking\bin\x64\debug\synapse-networking-tcp.pdb
e:\programming\c++\projects\experimental\synapse-networking\bin\x64\debug\synapse-networking-tcp.lib
e:\programming\c++\projects\experimental\synapse-networking\bin\x64\debug\synapse-networking-tcp.exp
e:\programming\c++\projects\experimental\synapse-networking\project_files\vs2022\synapse-networking-tcp\synapse-networking-tcp\x64\debug\synapse-.ee633827.tlog\cl.command.1.tlog
e:\programming\c++\projects\experimental\synapse-networking\project_files\vs2022\synapse-networking-tcp\synapse-networking-tcp\x64\debug\synapse-.ee633827.tlog\cl.read.1.tlog
e:\programming\c++\projects\experimental\synapse-networking\project_files\vs2022\synapse-networking-tcp\synapse-networking-tcp\x64\debug\synapse-.ee633827.tlog\cl.write.1.tlog
e:\programming\c++\projects\experimental\synapse-networking\project_files\vs2022\synapse-networking-tcp\synapse-networking-tcp\x64\debug\synapse-.ee633827.tlog\link.command.1.tlog
e:\programming\c++\projects\experimental\synapse-networking\project_files\vs2022\synapse-networking-tcp\synapse-networking-tcp\x64\debug\synapse-.ee633827.tlog\link.read.1.tlog
e:\programming\c++\projects\experimental\synapse-networking\project_files\vs2022\synapse-networking-tcp\synapse-networking-tcp\x64\debug\synapse-.ee633827.tlog\link.write.1.tlog
e:\programming\c++\projects\experimental\synapse-networking\project_files\vs2022\synapse-networking-tcp\synapse-networking-tcp\x64\debug\synapse-.ee633827.tlog\synapse-networking-tcp.write.1u.tlog
